<?xml version="1.0" encoding="UTF-8"?>
<testsuite name="ttt.DisplayBoardTest" tests="2" skipped="2" failures="0" errors="0" timestamp="2015-12-21T11:43:43" hostname="Priyas-MacBook-Pro-2.local" time="0.0">
  <properties/>
  <testcase name="displaysEmptyBoard" classname="ttt.DisplayBoardTest" time="0.0">
    <skipped/>
  </testcase>
  <testcase name="displaysCurrentBoard" classname="ttt.DisplayBoardTest" time="0.0">
    <skipped/>
  </testcase>
  <system-out><![CDATA[]]></system-out>
  <system-err><![CDATA[]]></system-err>
</testsuite>
