<?xml version="1.0" encoding="UTF-8"?>
<testsuite name="ttt.BoardTest" tests="3" skipped="0" failures="0" errors="0" timestamp="2015-12-15T14:18:19" hostname="Priyas-MacBook-Pro-2.local" time="0.002">
  <properties/>
  <testcase name="returnsCurrentStateOfTheBoard" classname="ttt.BoardTest" time="0.001"/>
  <testcase name="getsPositionOfCell" classname="ttt.BoardTest" time="0.0"/>
  <testcase name="setsUpThreeByThreeBoard" classname="ttt.BoardTest" time="0.0"/>
  <system-out><![CDATA[]]></system-out>
  <system-err><![CDATA[]]></system-err>
</testsuite>
