<?xml version="1.0" encoding="UTF-8"?>
<testsuite name="ttt.HumanPlayerTest" tests="7" skipped="0" failures="0" errors="0" timestamp="2016-01-06T17:04:56" hostname="Priyas-MacBook-Pro-2.local" time="0.002">
  <properties/>
  <testcase name="playerOnlyMakesValidMove" classname="ttt.HumanPlayerTest" time="0.0"/>
  <testcase name="switchesPlayersFromCrossToNought" classname="ttt.HumanPlayerTest" time="0.0"/>
  <testcase name="getsThePlayerWhoJustPlayed" classname="ttt.HumanPlayerTest" time="0.0"/>
  <testcase name="boardChangedWhenPlayerMakesMove" classname="ttt.HumanPlayerTest" time="0.0"/>
  <testcase name="switchesPlayerFromNoughtToCross" classname="ttt.HumanPlayerTest" time="0.0"/>
  <testcase name="playerMarksMove" classname="ttt.HumanPlayerTest" time="0.0"/>
  <testcase name="getsThePlayerWhoseTurnItIs" classname="ttt.HumanPlayerTest" time="0.0"/>
  <system-out><![CDATA[]]></system-out>
  <system-err><![CDATA[]]></system-err>
</testsuite>
