<?xml version="1.0" encoding="UTF-8"?>
<testsuite name="ttt.GameTest" tests="2" skipped="0" failures="0" errors="0" timestamp="2015-12-08T15:12:02" hostname="Priyas-MacBook-Pro-2.local" time="0.002">
  <properties/>
  <testcase name="placeCrossOnEmptyBoard" classname="ttt.GameTest" time="0.002"/>
  <testcase name="placesSymbolOnTwoByTwoBoard" classname="ttt.GameTest" time="0.0"/>
  <system-out><![CDATA[]]></system-out>
  <system-err><![CDATA[]]></system-err>
</testsuite>
