<?xml version="1.0" encoding="UTF-8"?>
<testsuite name="ttt.ConsoleIOTest" tests="1" skipped="0" failures="0" errors="0" timestamp="2015-12-15T14:18:19" hostname="Priyas-MacBook-Pro-2.local" time="0.003">
  <properties/>
  <testcase name="takesUserInput" classname="ttt.ConsoleIOTest" time="0.003"/>
  <system-out><![CDATA[]]></system-out>
  <system-err><![CDATA[]]></system-err>
</testsuite>
