<?xml version="1.0" encoding="UTF-8"?>
<testsuite name="ttt.GameTest" tests="4" skipped="0" failures="0" errors="0" timestamp="2016-01-06T17:04:56" hostname="Priyas-MacBook-Pro-2.local" time="0.005">
  <properties/>
  <testcase name="userMustEnterDigits" classname="ttt.GameTest" time="0.002"/>
  <testcase name="markBoardSwitchesPlayersAfterEveryMove" classname="ttt.GameTest" time="0.001"/>
  <testcase name="tellsUserWhenGameOver" classname="ttt.GameTest" time="0.001"/>
  <testcase name="userMustEnterEmptyPositionIndex" classname="ttt.GameTest" time="0.001"/>
  <system-out><![CDATA[]]></system-out>
  <system-err><![CDATA[]]></system-err>
</testsuite>
