<?xml version="1.0" encoding="UTF-8"?>
<testsuite name="ttt.PlayerTest" tests="6" skipped="0" failures="0" errors="0" timestamp="2015-12-21T11:43:43" hostname="Priyas-MacBook-Pro-2.local" time="0.003">
  <properties/>
  <testcase name="playerOnlyMakesValidMove" classname="ttt.PlayerTest" time="0.001"/>
  <testcase name="switchesPlayersFromCrossToNought" classname="ttt.PlayerTest" time="0.0"/>
  <testcase name="getsThePlayerWhoJustPlayed" classname="ttt.PlayerTest" time="0.0"/>
  <testcase name="boardChangedWhenPlayerMakesMove" classname="ttt.PlayerTest" time="0.001"/>
  <testcase name="switchesPlayerFromNoughtToCross" classname="ttt.PlayerTest" time="0.0"/>
  <testcase name="playerMarksMove" classname="ttt.PlayerTest" time="0.0"/>
  <system-out><![CDATA[]]></system-out>
  <system-err><![CDATA[]]></system-err>
</testsuite>
