<?xml version="1.0" encoding="UTF-8"?>
<testsuite name="ttt.inputOutput.ConsoleIOTest" tests="2" skipped="0" failures="0" errors="0" timestamp="2016-01-13T11:51:52" hostname="Priyas-MacBook-Pro-2.local" time="0.001">
  <properties/>
  <testcase name="takesUserInput" classname="ttt.inputOutput.ConsoleIOTest" time="0.001"/>
  <testcase name="displaysMessage" classname="ttt.inputOutput.ConsoleIOTest" time="0.0"/>
  <system-out><![CDATA[]]></system-out>
  <system-err><![CDATA[]]></system-err>
</testsuite>
