<?xml version="1.0" encoding="UTF-8"?>
<testsuite name="ttt.RealComputerPlayerTest" tests="2" skipped="0" failures="0" errors="0" timestamp="2016-01-06T17:04:56" hostname="Priyas-MacBook-Pro-2.local" time="0.002">
  <properties/>
  <testcase name="computerPlayerIndexGenerated" classname="ttt.RealComputerPlayerTest" time="0.002"/>
  <testcase name="vaildComputerMoveGenerated" classname="ttt.RealComputerPlayerTest" time="0.0"/>
  <system-out><![CDATA[]]></system-out>
  <system-err><![CDATA[]]></system-err>
</testsuite>
